[0.111s] Invoking command in '/home/libgelistirici/practice/ros2_ws/build/lifecycle_cpp': CMAKE_PREFIX_PATH=/opt/ros/humble /usr/bin/cmake /home/libgelistirici/practice/ros2_ws/src/lifecycle_cpp -DCMAKE_INSTALL_PREFIX=/home/libgelistirici/practice/ros2_ws/install/lifecycle_cpp
[0.195s] -- The C compiler identification is GNU 11.4.0
[0.268s] -- The CXX compiler identification is GNU 11.4.0
[0.277s] -- Detecting C compiler ABI info
[0.330s] -- Detecting C compiler ABI info - done
[0.335s] -- Check for working C compiler: /usr/bin/cc - skipped
[0.336s] -- Detecting C compile features
[0.336s] -- Detecting C compile features - done
[0.339s] -- Detecting CXX compiler ABI info
[0.402s] -- Detecting CXX compiler ABI info - done
[0.408s] -- Check for working CXX compiler: /usr/bin/c++ - skipped
[0.408s] -- Detecting CXX compile features
[0.409s] -- Detecting CXX compile features - done
[0.413s] -- Found ament_cmake: 1.3.6 (/opt/ros/humble/share/ament_cmake/cmake)
[0.540s] -- Found Python3: /usr/bin/python3.10 (found version "3.10.12") found components: Interpreter 
[0.615s] -- Found rclcpp: 16.0.7 (/opt/ros/humble/share/rclcpp/cmake)
[0.659s] -- Found rosidl_generator_c: 3.1.5 (/opt/ros/humble/share/rosidl_generator_c/cmake)
[0.664s] -- Found rosidl_adapter: 3.1.5 (/opt/ros/humble/share/rosidl_adapter/cmake)
[0.676s] -- Found rosidl_generator_cpp: 3.1.5 (/opt/ros/humble/share/rosidl_generator_cpp/cmake)
[0.690s] -- Using all available rosidl_typesupport_c: rosidl_typesupport_fastrtps_c;rosidl_typesupport_introspection_c
[0.709s] -- Using all available rosidl_typesupport_cpp: rosidl_typesupport_fastrtps_cpp;rosidl_typesupport_introspection_cpp
[0.775s] -- Found rmw_implementation_cmake: 6.1.1 (/opt/ros/humble/share/rmw_implementation_cmake/cmake)
[0.778s] -- Found rmw_fastrtps_cpp: 6.2.5 (/opt/ros/humble/share/rmw_fastrtps_cpp/cmake)
[0.859s] -- Found OpenSSL: /usr/lib/x86_64-linux-gnu/libcrypto.so (found version "3.0.2")  
[0.884s] -- Found FastRTPS: /opt/ros/humble/include  
[0.922s] -- Using RMW implementation 'rmw_fastrtps_cpp' as default
[0.932s] -- Looking for pthread.h
[0.993s] -- Looking for pthread.h - found
[0.993s] -- Performing Test CMAKE_HAVE_LIBC_PTHREAD
[1.044s] -- Performing Test CMAKE_HAVE_LIBC_PTHREAD - Success
[1.045s] -- Found Threads: TRUE  
[1.184s] -- Found example_interfaces: 0.9.3 (/opt/ros/humble/share/example_interfaces/cmake)
[1.359s] -- Configuring done
[1.366s] -- Generating done
[1.367s] -- Build files have been written to: /home/libgelistirici/practice/ros2_ws/build/lifecycle_cpp
[1.373s] Invoked command in '/home/libgelistirici/practice/ros2_ws/build/lifecycle_cpp' returned '0': CMAKE_PREFIX_PATH=/opt/ros/humble /usr/bin/cmake /home/libgelistirici/practice/ros2_ws/src/lifecycle_cpp -DCMAKE_INSTALL_PREFIX=/home/libgelistirici/practice/ros2_ws/install/lifecycle_cpp
[1.375s] Invoking command in '/home/libgelistirici/practice/ros2_ws/build/lifecycle_cpp': CMAKE_PREFIX_PATH=/opt/ros/humble /usr/bin/cmake --build /home/libgelistirici/practice/ros2_ws/build/lifecycle_cpp -- -j16 -l16
[1.411s] [ 50%] [32mBuilding CXX object CMakeFiles/number_publisher.dir/src/number_publisher.cpp.o[0m
[4.810s] [100%] [32m[1mLinking CXX executable number_publisher[0m
[4.969s] [100%] Built target number_publisher
[4.977s] Invoked command in '/home/libgelistirici/practice/ros2_ws/build/lifecycle_cpp' returned '0': CMAKE_PREFIX_PATH=/opt/ros/humble /usr/bin/cmake --build /home/libgelistirici/practice/ros2_ws/build/lifecycle_cpp -- -j16 -l16
[5.000s] Invoking command in '/home/libgelistirici/practice/ros2_ws/build/lifecycle_cpp': CMAKE_PREFIX_PATH=/opt/ros/humble /usr/bin/cmake --install /home/libgelistirici/practice/ros2_ws/build/lifecycle_cpp
[5.005s] -- Install configuration: ""
[5.006s] -- Installing: /home/libgelistirici/practice/ros2_ws/install/lifecycle_cpp/lib/lifecycle_cpp/number_publisher
[5.006s] -- Set runtime path of "/home/libgelistirici/practice/ros2_ws/install/lifecycle_cpp/lib/lifecycle_cpp/number_publisher" to ""
[5.006s] -- Installing: /home/libgelistirici/practice/ros2_ws/install/lifecycle_cpp/share/ament_index/resource_index/package_run_dependencies/lifecycle_cpp
[5.007s] -- Installing: /home/libgelistirici/practice/ros2_ws/install/lifecycle_cpp/share/ament_index/resource_index/parent_prefix_path/lifecycle_cpp
[5.007s] -- Installing: /home/libgelistirici/practice/ros2_ws/install/lifecycle_cpp/share/lifecycle_cpp/environment/ament_prefix_path.sh
[5.007s] -- Installing: /home/libgelistirici/practice/ros2_ws/install/lifecycle_cpp/share/lifecycle_cpp/environment/ament_prefix_path.dsv
[5.007s] -- Installing: /home/libgelistirici/practice/ros2_ws/install/lifecycle_cpp/share/lifecycle_cpp/environment/path.sh
[5.007s] -- Installing: /home/libgelistirici/practice/ros2_ws/install/lifecycle_cpp/share/lifecycle_cpp/environment/path.dsv
[5.007s] -- Installing: /home/libgelistirici/practice/ros2_ws/install/lifecycle_cpp/share/lifecycle_cpp/local_setup.bash
[5.007s] -- Installing: /home/libgelistirici/practice/ros2_ws/install/lifecycle_cpp/share/lifecycle_cpp/local_setup.sh
[5.007s] -- Installing: /home/libgelistirici/practice/ros2_ws/install/lifecycle_cpp/share/lifecycle_cpp/local_setup.zsh
[5.007s] -- Installing: /home/libgelistirici/practice/ros2_ws/install/lifecycle_cpp/share/lifecycle_cpp/local_setup.dsv
[5.008s] -- Installing: /home/libgelistirici/practice/ros2_ws/install/lifecycle_cpp/share/lifecycle_cpp/package.dsv
[5.008s] -- Installing: /home/libgelistirici/practice/ros2_ws/install/lifecycle_cpp/share/ament_index/resource_index/packages/lifecycle_cpp
[5.008s] -- Installing: /home/libgelistirici/practice/ros2_ws/install/lifecycle_cpp/share/lifecycle_cpp/cmake/lifecycle_cppConfig.cmake
[5.008s] -- Installing: /home/libgelistirici/practice/ros2_ws/install/lifecycle_cpp/share/lifecycle_cpp/cmake/lifecycle_cppConfig-version.cmake
[5.008s] -- Installing: /home/libgelistirici/practice/ros2_ws/install/lifecycle_cpp/share/lifecycle_cpp/package.xml
[5.009s] Invoked command in '/home/libgelistirici/practice/ros2_ws/build/lifecycle_cpp' returned '0': CMAKE_PREFIX_PATH=/opt/ros/humble /usr/bin/cmake --install /home/libgelistirici/practice/ros2_ws/build/lifecycle_cpp
