[0.983s] DEBUG:colcon:Command line arguments: ['/usr/bin/colcon', 'build']
[0.983s] DEBUG:colcon:Parsed command line arguments: Namespace(log_base=None, log_level=None, verb_name='build', build_base='build', install_base='install', merge_install=False, symlink_install=False, test_result_base=None, continue_on_error=False, executor='parallel', parallel_workers=16, event_handlers=None, ignore_user_meta=False, metas=['./colcon.meta'], base_paths=['.'], packages_ignore=None, packages_ignore_regex=None, paths=None, packages_up_to=None, packages_up_to_regex=None, packages_above=None, packages_above_and_dependencies=None, packages_above_depth=None, packages_select_by_dep=None, packages_skip_by_dep=None, packages_skip_up_to=None, packages_select_build_failed=False, packages_skip_build_finished=False, packages_select_test_failures=False, packages_skip_test_passed=False, packages_select=None, packages_skip=None, packages_select_regex=None, packages_skip_regex=None, packages_start=None, packages_end=None, allow_overriding=[], cmake_args=None, cmake_target=None, cmake_target_skip_unavailable=False, cmake_clean_cache=False, cmake_clean_first=False, cmake_force_configure=False, ament_cmake_args=None, catkin_cmake_args=None, catkin_skip_building_tests=False, verb_parser=<colcon_defaults.argument_parser.defaults.DefaultArgumentsDecorator object at 0x722e7330b250>, verb_extension=<colcon_core.verb.build.BuildVerb object at 0x722e7412c7f0>, main=<bound method BuildVerb.main of <colcon_core.verb.build.BuildVerb object at 0x722e7412c7f0>>)
[1.028s] Level 1:colcon.colcon_core.package_discovery:discover_packages(colcon_meta) check parameters
[1.028s] Level 1:colcon.colcon_core.package_discovery:discover_packages(recursive) check parameters
[1.028s] Level 1:colcon.colcon_core.package_discovery:discover_packages(ignore) check parameters
[1.028s] Level 1:colcon.colcon_core.package_discovery:discover_packages(path) check parameters
[1.028s] Level 1:colcon.colcon_core.package_discovery:discover_packages(colcon_meta) discover
[1.028s] Level 1:colcon.colcon_core.package_discovery:discover_packages(recursive) discover
[1.028s] INFO:colcon.colcon_core.package_discovery:Crawling recursively for packages in '/home/libgelistirici/practice/ros2_ws'
[1.028s] Level 1:colcon.colcon_core.package_identification:_identify(.) by extensions ['ignore', 'ignore_ament_install']
[1.028s] Level 1:colcon.colcon_core.package_identification:_identify(.) by extension 'ignore'
[1.028s] Level 1:colcon.colcon_core.package_identification:_identify(.) by extension 'ignore_ament_install'
[1.028s] Level 1:colcon.colcon_core.package_identification:_identify(.) by extensions ['colcon_pkg']
[1.028s] Level 1:colcon.colcon_core.package_identification:_identify(.) by extension 'colcon_pkg'
[1.028s] Level 1:colcon.colcon_core.package_identification:_identify(.) by extensions ['colcon_meta']
[1.028s] Level 1:colcon.colcon_core.package_identification:_identify(.) by extension 'colcon_meta'
[1.028s] Level 1:colcon.colcon_core.package_identification:_identify(.) by extensions ['ros']
[1.028s] Level 1:colcon.colcon_core.package_identification:_identify(.) by extension 'ros'
[1.041s] Level 1:colcon.colcon_core.package_identification:_identify(.) by extensions ['cmake', 'python']
[1.041s] Level 1:colcon.colcon_core.package_identification:_identify(.) by extension 'cmake'
[1.041s] Level 1:colcon.colcon_core.package_identification:_identify(.) by extension 'python'
[1.041s] Level 1:colcon.colcon_core.package_identification:_identify(.) by extensions ['python_setup_py']
[1.041s] Level 1:colcon.colcon_core.package_identification:_identify(.) by extension 'python_setup_py'
[1.041s] Level 1:colcon.colcon_core.package_identification:_identify(build) by extensions ['ignore', 'ignore_ament_install']
[1.041s] Level 1:colcon.colcon_core.package_identification:_identify(build) by extension 'ignore'
[1.041s] Level 1:colcon.colcon_core.package_identification:_identify(build) ignored
[1.041s] Level 1:colcon.colcon_core.package_identification:_identify(install) by extensions ['ignore', 'ignore_ament_install']
[1.042s] Level 1:colcon.colcon_core.package_identification:_identify(install) by extension 'ignore'
[1.042s] Level 1:colcon.colcon_core.package_identification:_identify(install) ignored
[1.042s] Level 1:colcon.colcon_core.package_identification:_identify(log) by extensions ['ignore', 'ignore_ament_install']
[1.042s] Level 1:colcon.colcon_core.package_identification:_identify(log) by extension 'ignore'
[1.042s] Level 1:colcon.colcon_core.package_identification:_identify(log) ignored
[1.042s] Level 1:colcon.colcon_core.package_identification:_identify(src) by extensions ['ignore', 'ignore_ament_install']
[1.042s] Level 1:colcon.colcon_core.package_identification:_identify(src) by extension 'ignore'
[1.042s] Level 1:colcon.colcon_core.package_identification:_identify(src) by extension 'ignore_ament_install'
[1.042s] Level 1:colcon.colcon_core.package_identification:_identify(src) by extensions ['colcon_pkg']
[1.042s] Level 1:colcon.colcon_core.package_identification:_identify(src) by extension 'colcon_pkg'
[1.042s] Level 1:colcon.colcon_core.package_identification:_identify(src) by extensions ['colcon_meta']
[1.042s] Level 1:colcon.colcon_core.package_identification:_identify(src) by extension 'colcon_meta'
[1.042s] Level 1:colcon.colcon_core.package_identification:_identify(src) by extensions ['ros']
[1.042s] Level 1:colcon.colcon_core.package_identification:_identify(src) by extension 'ros'
[1.042s] Level 1:colcon.colcon_core.package_identification:_identify(src) by extensions ['cmake', 'python']
[1.042s] Level 1:colcon.colcon_core.package_identification:_identify(src) by extension 'cmake'
[1.042s] Level 1:colcon.colcon_core.package_identification:_identify(src) by extension 'python'
[1.042s] Level 1:colcon.colcon_core.package_identification:_identify(src) by extensions ['python_setup_py']
[1.042s] Level 1:colcon.colcon_core.package_identification:_identify(src) by extension 'python_setup_py'
[1.042s] Level 1:colcon.colcon_core.package_identification:_identify(src/lifecycle_bringup) by extensions ['ignore', 'ignore_ament_install']
[1.043s] Level 1:colcon.colcon_core.package_identification:_identify(src/lifecycle_bringup) by extension 'ignore'
[1.043s] Level 1:colcon.colcon_core.package_identification:_identify(src/lifecycle_bringup) by extension 'ignore_ament_install'
[1.043s] Level 1:colcon.colcon_core.package_identification:_identify(src/lifecycle_bringup) by extensions ['colcon_pkg']
[1.043s] Level 1:colcon.colcon_core.package_identification:_identify(src/lifecycle_bringup) by extension 'colcon_pkg'
[1.043s] Level 1:colcon.colcon_core.package_identification:_identify(src/lifecycle_bringup) by extensions ['colcon_meta']
[1.043s] Level 1:colcon.colcon_core.package_identification:_identify(src/lifecycle_bringup) by extension 'colcon_meta'
[1.043s] Level 1:colcon.colcon_core.package_identification:_identify(src/lifecycle_bringup) by extensions ['ros']
[1.043s] Level 1:colcon.colcon_core.package_identification:_identify(src/lifecycle_bringup) by extension 'ros'
[1.045s] DEBUG:colcon.colcon_core.package_identification:Package 'src/lifecycle_bringup' with type 'ros.ament_cmake' and name 'lifecycle_bringup'
[1.045s] Level 1:colcon.colcon_core.package_identification:_identify(src/lifecycle_cpp) by extensions ['ignore', 'ignore_ament_install']
[1.045s] Level 1:colcon.colcon_core.package_identification:_identify(src/lifecycle_cpp) by extension 'ignore'
[1.045s] Level 1:colcon.colcon_core.package_identification:_identify(src/lifecycle_cpp) by extension 'ignore_ament_install'
[1.045s] Level 1:colcon.colcon_core.package_identification:_identify(src/lifecycle_cpp) by extensions ['colcon_pkg']
[1.045s] Level 1:colcon.colcon_core.package_identification:_identify(src/lifecycle_cpp) by extension 'colcon_pkg'
[1.045s] Level 1:colcon.colcon_core.package_identification:_identify(src/lifecycle_cpp) by extensions ['colcon_meta']
[1.045s] Level 1:colcon.colcon_core.package_identification:_identify(src/lifecycle_cpp) by extension 'colcon_meta'
[1.045s] Level 1:colcon.colcon_core.package_identification:_identify(src/lifecycle_cpp) by extensions ['ros']
[1.045s] Level 1:colcon.colcon_core.package_identification:_identify(src/lifecycle_cpp) by extension 'ros'
[1.046s] DEBUG:colcon.colcon_core.package_identification:Package 'src/lifecycle_cpp' with type 'ros.ament_cmake' and name 'lifecycle_cpp'
[1.046s] Level 1:colcon.colcon_core.package_identification:_identify(src/lifecycle_py) by extensions ['ignore', 'ignore_ament_install']
[1.046s] Level 1:colcon.colcon_core.package_identification:_identify(src/lifecycle_py) by extension 'ignore'
[1.046s] Level 1:colcon.colcon_core.package_identification:_identify(src/lifecycle_py) by extension 'ignore_ament_install'
[1.046s] Level 1:colcon.colcon_core.package_identification:_identify(src/lifecycle_py) by extensions ['colcon_pkg']
[1.046s] Level 1:colcon.colcon_core.package_identification:_identify(src/lifecycle_py) by extension 'colcon_pkg'
[1.046s] Level 1:colcon.colcon_core.package_identification:_identify(src/lifecycle_py) by extensions ['colcon_meta']
[1.046s] Level 1:colcon.colcon_core.package_identification:_identify(src/lifecycle_py) by extension 'colcon_meta'
[1.046s] Level 1:colcon.colcon_core.package_identification:_identify(src/lifecycle_py) by extensions ['ros']
[1.046s] Level 1:colcon.colcon_core.package_identification:_identify(src/lifecycle_py) by extension 'ros'
[1.047s] DEBUG:colcon.colcon_core.package_identification:Package 'src/lifecycle_py' with type 'ros.ament_python' and name 'lifecycle_py'
[1.047s] Level 1:colcon.colcon_core.package_discovery:discover_packages(recursive) using defaults
[1.047s] Level 1:colcon.colcon_core.package_discovery:discover_packages(ignore) discover
[1.047s] Level 1:colcon.colcon_core.package_discovery:discover_packages(ignore) using defaults
[1.047s] Level 1:colcon.colcon_core.package_discovery:discover_packages(path) discover
[1.047s] Level 1:colcon.colcon_core.package_discovery:discover_packages(path) using defaults
[1.132s] Level 1:colcon.colcon_core.package_discovery:discover_packages(prefix_path) check parameters
[1.132s] Level 1:colcon.colcon_core.package_discovery:discover_packages(prefix_path) discover
[1.162s] DEBUG:colcon.colcon_installed_package_information.package_discovery:Found 406 installed packages in /opt/ros/humble
[1.164s] Level 1:colcon.colcon_core.package_discovery:discover_packages(prefix_path) using defaults
[1.266s] Level 5:colcon.colcon_core.verb:set package 'lifecycle_cpp' build argument 'cmake_args' from command line to 'None'
[1.266s] Level 5:colcon.colcon_core.verb:set package 'lifecycle_cpp' build argument 'cmake_target' from command line to 'None'
[1.266s] Level 5:colcon.colcon_core.verb:set package 'lifecycle_cpp' build argument 'cmake_target_skip_unavailable' from command line to 'False'
[1.266s] Level 5:colcon.colcon_core.verb:set package 'lifecycle_cpp' build argument 'cmake_clean_cache' from command line to 'False'
[1.266s] Level 5:colcon.colcon_core.verb:set package 'lifecycle_cpp' build argument 'cmake_clean_first' from command line to 'False'
[1.266s] Level 5:colcon.colcon_core.verb:set package 'lifecycle_cpp' build argument 'cmake_force_configure' from command line to 'False'
[1.266s] Level 5:colcon.colcon_core.verb:set package 'lifecycle_cpp' build argument 'ament_cmake_args' from command line to 'None'
[1.266s] Level 5:colcon.colcon_core.verb:set package 'lifecycle_cpp' build argument 'catkin_cmake_args' from command line to 'None'
[1.266s] Level 5:colcon.colcon_core.verb:set package 'lifecycle_cpp' build argument 'catkin_skip_building_tests' from command line to 'False'
[1.266s] DEBUG:colcon.colcon_core.verb:Building package 'lifecycle_cpp' with the following arguments: {'ament_cmake_args': None, 'build_base': '/home/libgelistirici/practice/ros2_ws/build/lifecycle_cpp', 'catkin_cmake_args': None, 'catkin_skip_building_tests': False, 'cmake_args': None, 'cmake_clean_cache': False, 'cmake_clean_first': False, 'cmake_force_configure': False, 'cmake_target': None, 'cmake_target_skip_unavailable': False, 'install_base': '/home/libgelistirici/practice/ros2_ws/install/lifecycle_cpp', 'merge_install': False, 'path': '/home/libgelistirici/practice/ros2_ws/src/lifecycle_cpp', 'symlink_install': False, 'test_result_base': None}
[1.280s] Level 5:colcon.colcon_core.verb:set package 'lifecycle_py' build argument 'cmake_args' from command line to 'None'
[1.280s] Level 5:colcon.colcon_core.verb:set package 'lifecycle_py' build argument 'cmake_target' from command line to 'None'
[1.280s] Level 5:colcon.colcon_core.verb:set package 'lifecycle_py' build argument 'cmake_target_skip_unavailable' from command line to 'False'
[1.280s] Level 5:colcon.colcon_core.verb:set package 'lifecycle_py' build argument 'cmake_clean_cache' from command line to 'False'
[1.280s] Level 5:colcon.colcon_core.verb:set package 'lifecycle_py' build argument 'cmake_clean_first' from command line to 'False'
[1.280s] Level 5:colcon.colcon_core.verb:set package 'lifecycle_py' build argument 'cmake_force_configure' from command line to 'False'
[1.280s] Level 5:colcon.colcon_core.verb:set package 'lifecycle_py' build argument 'ament_cmake_args' from command line to 'None'
[1.280s] Level 5:colcon.colcon_core.verb:set package 'lifecycle_py' build argument 'catkin_cmake_args' from command line to 'None'
[1.280s] Level 5:colcon.colcon_core.verb:set package 'lifecycle_py' build argument 'catkin_skip_building_tests' from command line to 'False'
[1.280s] DEBUG:colcon.colcon_core.verb:Building package 'lifecycle_py' with the following arguments: {'ament_cmake_args': None, 'build_base': '/home/libgelistirici/practice/ros2_ws/build/lifecycle_py', 'catkin_cmake_args': None, 'catkin_skip_building_tests': False, 'cmake_args': None, 'cmake_clean_cache': False, 'cmake_clean_first': False, 'cmake_force_configure': False, 'cmake_target': None, 'cmake_target_skip_unavailable': False, 'install_base': '/home/libgelistirici/practice/ros2_ws/install/lifecycle_py', 'merge_install': False, 'path': '/home/libgelistirici/practice/ros2_ws/src/lifecycle_py', 'symlink_install': False, 'test_result_base': None}
[1.294s] Level 5:colcon.colcon_core.verb:set package 'lifecycle_bringup' build argument 'cmake_args' from command line to 'None'
[1.295s] Level 5:colcon.colcon_core.verb:set package 'lifecycle_bringup' build argument 'cmake_target' from command line to 'None'
[1.295s] Level 5:colcon.colcon_core.verb:set package 'lifecycle_bringup' build argument 'cmake_target_skip_unavailable' from command line to 'False'
[1.295s] Level 5:colcon.colcon_core.verb:set package 'lifecycle_bringup' build argument 'cmake_clean_cache' from command line to 'False'
[1.295s] Level 5:colcon.colcon_core.verb:set package 'lifecycle_bringup' build argument 'cmake_clean_first' from command line to 'False'
[1.295s] Level 5:colcon.colcon_core.verb:set package 'lifecycle_bringup' build argument 'cmake_force_configure' from command line to 'False'
[1.295s] Level 5:colcon.colcon_core.verb:set package 'lifecycle_bringup' build argument 'ament_cmake_args' from command line to 'None'
[1.295s] Level 5:colcon.colcon_core.verb:set package 'lifecycle_bringup' build argument 'catkin_cmake_args' from command line to 'None'
[1.295s] Level 5:colcon.colcon_core.verb:set package 'lifecycle_bringup' build argument 'catkin_skip_building_tests' from command line to 'False'
[1.295s] DEBUG:colcon.colcon_core.verb:Building package 'lifecycle_bringup' with the following arguments: {'ament_cmake_args': None, 'build_base': '/home/libgelistirici/practice/ros2_ws/build/lifecycle_bringup', 'catkin_cmake_args': None, 'catkin_skip_building_tests': False, 'cmake_args': None, 'cmake_clean_cache': False, 'cmake_clean_first': False, 'cmake_force_configure': False, 'cmake_target': None, 'cmake_target_skip_unavailable': False, 'install_base': '/home/libgelistirici/practice/ros2_ws/install/lifecycle_bringup', 'merge_install': False, 'path': '/home/libgelistirici/practice/ros2_ws/src/lifecycle_bringup', 'symlink_install': False, 'test_result_base': None}
[1.308s] INFO:colcon.colcon_core.executor:Executing jobs using 'parallel' executor
[1.323s] DEBUG:colcon.colcon_parallel_executor.executor.parallel:run_until_complete
[1.323s] INFO:colcon.colcon_ros.task.ament_python.build:Building ROS package in '/home/libgelistirici/practice/ros2_ws/src/lifecycle_py' with build type 'ament_python'
[1.323s] Level 1:colcon.colcon_core.shell:create_environment_hook('lifecycle_py', 'ament_prefix_path')
[1.340s] INFO:colcon.colcon_core.plugin_system:Skipping extension 'colcon_core.shell.bat': Not used on non-Windows systems
[1.341s] INFO:colcon.colcon_core.shell:Creating environment hook '/home/libgelistirici/practice/ros2_ws/install/lifecycle_py/share/lifecycle_py/hook/ament_prefix_path.ps1'
[1.341s] INFO:colcon.colcon_core.shell:Creating environment descriptor '/home/libgelistirici/practice/ros2_ws/install/lifecycle_py/share/lifecycle_py/hook/ament_prefix_path.dsv'
[1.342s] INFO:colcon.colcon_core.shell:Creating environment hook '/home/libgelistirici/practice/ros2_ws/install/lifecycle_py/share/lifecycle_py/hook/ament_prefix_path.sh'
[1.356s] INFO:colcon.colcon_core.shell:Skip shell extension 'powershell' for command environment: Not usable outside of PowerShell
[1.356s] DEBUG:colcon.colcon_core.shell:Skip shell extension 'dsv' for command environment
[1.386s] INFO:colcon.colcon_ros.task.ament_cmake.build:Building ROS package in '/home/libgelistirici/practice/ros2_ws/src/lifecycle_cpp' with build type 'ament_cmake'
[1.386s] INFO:colcon.colcon_cmake.task.cmake.build:Building CMake package in '/home/libgelistirici/practice/ros2_ws/src/lifecycle_cpp'
[1.400s] INFO:colcon.colcon_core.shell:Skip shell extension 'powershell' for command environment: Not usable outside of PowerShell
[1.400s] DEBUG:colcon.colcon_core.shell:Skip shell extension 'dsv' for command environment
[1.656s] INFO:colcon.colcon_core.task.python.build:Building Python package in '/home/libgelistirici/practice/ros2_ws/src/lifecycle_py'
[1.672s] INFO:colcon.colcon_core.shell:Skip shell extension 'powershell' for command environment: Not usable outside of PowerShell
[1.672s] DEBUG:colcon.colcon_core.shell:Skip shell extension 'dsv' for command environment
[1.707s] DEBUG:colcon.colcon_core.event_handler.log_command:Invoking command in '/home/libgelistirici/practice/ros2_ws/build/lifecycle_cpp': CMAKE_PREFIX_PATH=/opt/ros/humble /usr/bin/cmake --build /home/libgelistirici/practice/ros2_ws/build/lifecycle_cpp -- -j16 -l16
[1.760s] DEBUG:colcon.colcon_core.event_handler.log_command:Invoked command in '/home/libgelistirici/practice/ros2_ws/build/lifecycle_cpp' returned '0': CMAKE_PREFIX_PATH=/opt/ros/humble /usr/bin/cmake --build /home/libgelistirici/practice/ros2_ws/build/lifecycle_cpp -- -j16 -l16
[1.787s] DEBUG:colcon.colcon_core.event_handler.log_command:Invoking command in '/home/libgelistirici/practice/ros2_ws/build/lifecycle_cpp': CMAKE_PREFIX_PATH=/opt/ros/humble /usr/bin/cmake --install /home/libgelistirici/practice/ros2_ws/build/lifecycle_cpp
[1.794s] Level 1:colcon.colcon_core.environment:create_environment_scripts_only(lifecycle_cpp)
[1.795s] DEBUG:colcon.colcon_core.event_handler.log_command:Invoked command in '/home/libgelistirici/practice/ros2_ws/build/lifecycle_cpp' returned '0': CMAKE_PREFIX_PATH=/opt/ros/humble /usr/bin/cmake --install /home/libgelistirici/practice/ros2_ws/build/lifecycle_cpp
[1.812s] Level 1:colcon.colcon_core.environment:checking '/home/libgelistirici/practice/ros2_ws/install/lifecycle_cpp' for CMake module files
[1.812s] Level 1:colcon.colcon_core.environment:checking '/home/libgelistirici/practice/ros2_ws/install/lifecycle_cpp' for CMake config files
[1.812s] Level 1:colcon.colcon_core.shell:create_environment_hook('lifecycle_cpp', 'cmake_prefix_path')
[1.826s] INFO:colcon.colcon_core.shell:Creating environment hook '/home/libgelistirici/practice/ros2_ws/install/lifecycle_cpp/share/lifecycle_cpp/hook/cmake_prefix_path.ps1'
[1.826s] INFO:colcon.colcon_core.shell:Creating environment descriptor '/home/libgelistirici/practice/ros2_ws/install/lifecycle_cpp/share/lifecycle_cpp/hook/cmake_prefix_path.dsv'
[1.826s] INFO:colcon.colcon_core.shell:Creating environment hook '/home/libgelistirici/practice/ros2_ws/install/lifecycle_cpp/share/lifecycle_cpp/hook/cmake_prefix_path.sh'
[1.827s] Level 1:colcon.colcon_core.environment:checking '/home/libgelistirici/practice/ros2_ws/install/lifecycle_cpp/lib'
[1.827s] Level 1:colcon.colcon_core.environment:checking '/home/libgelistirici/practice/ros2_ws/install/lifecycle_cpp/bin'
[1.827s] Level 1:colcon.colcon_core.environment:checking '/home/libgelistirici/practice/ros2_ws/install/lifecycle_cpp/lib/pkgconfig/lifecycle_cpp.pc'
[1.827s] Level 1:colcon.colcon_core.environment:checking '/home/libgelistirici/practice/ros2_ws/install/lifecycle_cpp/lib/python3.10/site-packages'
[1.827s] Level 1:colcon.colcon_core.environment:checking '/home/libgelistirici/practice/ros2_ws/install/lifecycle_cpp/bin'
[1.844s] INFO:colcon.colcon_core.shell:Creating package script '/home/libgelistirici/practice/ros2_ws/install/lifecycle_cpp/share/lifecycle_cpp/package.ps1'
[1.845s] INFO:colcon.colcon_core.shell:Creating package descriptor '/home/libgelistirici/practice/ros2_ws/install/lifecycle_cpp/share/lifecycle_cpp/package.dsv'
[1.845s] INFO:colcon.colcon_core.shell:Creating package script '/home/libgelistirici/practice/ros2_ws/install/lifecycle_cpp/share/lifecycle_cpp/package.sh'
[1.845s] INFO:colcon.colcon_core.shell:Creating package script '/home/libgelistirici/practice/ros2_ws/install/lifecycle_cpp/share/lifecycle_cpp/package.bash'
[1.846s] INFO:colcon.colcon_core.shell:Creating package script '/home/libgelistirici/practice/ros2_ws/install/lifecycle_cpp/share/lifecycle_cpp/package.zsh'
[1.846s] Level 1:colcon.colcon_core.environment:create_file_with_runtime_dependencies(/home/libgelistirici/practice/ros2_ws/install/lifecycle_cpp/share/colcon-core/packages/lifecycle_cpp)
[1.878s] Level 1:colcon.colcon_core.environment:create_environment_scripts_only(lifecycle_cpp)
[1.892s] Level 1:colcon.colcon_core.environment:checking '/home/libgelistirici/practice/ros2_ws/install/lifecycle_cpp' for CMake module files
[1.893s] Level 1:colcon.colcon_core.environment:checking '/home/libgelistirici/practice/ros2_ws/install/lifecycle_cpp' for CMake config files
[1.893s] Level 1:colcon.colcon_core.shell:create_environment_hook('lifecycle_cpp', 'cmake_prefix_path')
[1.907s] INFO:colcon.colcon_core.shell:Creating environment hook '/home/libgelistirici/practice/ros2_ws/install/lifecycle_cpp/share/lifecycle_cpp/hook/cmake_prefix_path.ps1'
[1.908s] INFO:colcon.colcon_core.shell:Creating environment descriptor '/home/libgelistirici/practice/ros2_ws/install/lifecycle_cpp/share/lifecycle_cpp/hook/cmake_prefix_path.dsv'
[1.908s] INFO:colcon.colcon_core.shell:Creating environment hook '/home/libgelistirici/practice/ros2_ws/install/lifecycle_cpp/share/lifecycle_cpp/hook/cmake_prefix_path.sh'
[1.908s] Level 1:colcon.colcon_core.environment:checking '/home/libgelistirici/practice/ros2_ws/install/lifecycle_cpp/lib'
[1.909s] Level 1:colcon.colcon_core.environment:checking '/home/libgelistirici/practice/ros2_ws/install/lifecycle_cpp/bin'
[1.909s] Level 1:colcon.colcon_core.environment:checking '/home/libgelistirici/practice/ros2_ws/install/lifecycle_cpp/lib/pkgconfig/lifecycle_cpp.pc'
[1.909s] Level 1:colcon.colcon_core.environment:checking '/home/libgelistirici/practice/ros2_ws/install/lifecycle_cpp/lib/python3.10/site-packages'
[1.909s] Level 1:colcon.colcon_core.environment:checking '/home/libgelistirici/practice/ros2_ws/install/lifecycle_cpp/bin'
[1.923s] INFO:colcon.colcon_core.shell:Creating package script '/home/libgelistirici/practice/ros2_ws/install/lifecycle_cpp/share/lifecycle_cpp/package.ps1'
[1.924s] INFO:colcon.colcon_core.shell:Creating package descriptor '/home/libgelistirici/practice/ros2_ws/install/lifecycle_cpp/share/lifecycle_cpp/package.dsv'
[1.924s] INFO:colcon.colcon_core.shell:Creating package script '/home/libgelistirici/practice/ros2_ws/install/lifecycle_cpp/share/lifecycle_cpp/package.sh'
[1.924s] INFO:colcon.colcon_core.shell:Creating package script '/home/libgelistirici/practice/ros2_ws/install/lifecycle_cpp/share/lifecycle_cpp/package.bash'
[1.925s] INFO:colcon.colcon_core.shell:Creating package script '/home/libgelistirici/practice/ros2_ws/install/lifecycle_cpp/share/lifecycle_cpp/package.zsh'
[1.925s] Level 1:colcon.colcon_core.environment:create_file_with_runtime_dependencies(/home/libgelistirici/practice/ros2_ws/install/lifecycle_cpp/share/colcon-core/packages/lifecycle_cpp)
[2.017s] DEBUG:colcon.colcon_core.event_handler.log_command:Invoking command in '/home/libgelistirici/practice/ros2_ws/src/lifecycle_py': PYTHONPATH=/home/libgelistirici/practice/ros2_ws/build/lifecycle_py/prefix_override:/home/libgelistirici/practice/ros2_ws/install/lifecycle_py/lib/python3.10/site-packages:${PYTHONPATH} /usr/bin/python3 setup.py egg_info --egg-base ../../build/lifecycle_py build --build-base /home/libgelistirici/practice/ros2_ws/build/lifecycle_py/build install --record /home/libgelistirici/practice/ros2_ws/build/lifecycle_py/install.log --single-version-externally-managed
[2.276s] DEBUG:colcon.colcon_core.event_handler.log_command:Invoked command in '/home/libgelistirici/practice/ros2_ws/src/lifecycle_py' returned '0': PYTHONPATH=/home/libgelistirici/practice/ros2_ws/build/lifecycle_py/prefix_override:/home/libgelistirici/practice/ros2_ws/install/lifecycle_py/lib/python3.10/site-packages:${PYTHONPATH} /usr/bin/python3 setup.py egg_info --egg-base ../../build/lifecycle_py build --build-base /home/libgelistirici/practice/ros2_ws/build/lifecycle_py/build install --record /home/libgelistirici/practice/ros2_ws/build/lifecycle_py/install.log --single-version-externally-managed
[2.291s] Level 1:colcon.colcon_core.environment:checking '/home/libgelistirici/practice/ros2_ws/install/lifecycle_py' for CMake module files
[2.291s] Level 1:colcon.colcon_core.environment:checking '/home/libgelistirici/practice/ros2_ws/install/lifecycle_py' for CMake config files
[2.292s] Level 1:colcon.colcon_core.environment:checking '/home/libgelistirici/practice/ros2_ws/install/lifecycle_py/lib'
[2.292s] Level 1:colcon.colcon_core.environment:checking '/home/libgelistirici/practice/ros2_ws/install/lifecycle_py/bin'
[2.292s] Level 1:colcon.colcon_core.environment:checking '/home/libgelistirici/practice/ros2_ws/install/lifecycle_py/lib/pkgconfig/lifecycle_py.pc'
[2.292s] Level 1:colcon.colcon_core.environment:checking '/home/libgelistirici/practice/ros2_ws/install/lifecycle_py/lib/python3.10/site-packages'
[2.292s] Level 1:colcon.colcon_core.shell:create_environment_hook('lifecycle_py', 'pythonpath')
[2.306s] INFO:colcon.colcon_core.shell:Creating environment hook '/home/libgelistirici/practice/ros2_ws/install/lifecycle_py/share/lifecycle_py/hook/pythonpath.ps1'
[2.307s] INFO:colcon.colcon_core.shell:Creating environment descriptor '/home/libgelistirici/practice/ros2_ws/install/lifecycle_py/share/lifecycle_py/hook/pythonpath.dsv'
[2.307s] INFO:colcon.colcon_core.shell:Creating environment hook '/home/libgelistirici/practice/ros2_ws/install/lifecycle_py/share/lifecycle_py/hook/pythonpath.sh'
[2.307s] Level 1:colcon.colcon_core.environment:checking '/home/libgelistirici/practice/ros2_ws/install/lifecycle_py/bin'
[2.307s] Level 1:colcon.colcon_core.environment:create_environment_scripts_only(lifecycle_py)
[2.325s] INFO:colcon.colcon_core.shell:Creating package script '/home/libgelistirici/practice/ros2_ws/install/lifecycle_py/share/lifecycle_py/package.ps1'
[2.326s] INFO:colcon.colcon_core.shell:Creating package descriptor '/home/libgelistirici/practice/ros2_ws/install/lifecycle_py/share/lifecycle_py/package.dsv'
[2.326s] INFO:colcon.colcon_core.shell:Creating package script '/home/libgelistirici/practice/ros2_ws/install/lifecycle_py/share/lifecycle_py/package.sh'
[2.327s] INFO:colcon.colcon_core.shell:Creating package script '/home/libgelistirici/practice/ros2_ws/install/lifecycle_py/share/lifecycle_py/package.bash'
[2.327s] INFO:colcon.colcon_core.shell:Creating package script '/home/libgelistirici/practice/ros2_ws/install/lifecycle_py/share/lifecycle_py/package.zsh'
[2.328s] Level 1:colcon.colcon_core.environment:create_file_with_runtime_dependencies(/home/libgelistirici/practice/ros2_ws/install/lifecycle_py/share/colcon-core/packages/lifecycle_py)
[2.328s] INFO:colcon.colcon_ros.task.ament_cmake.build:Building ROS package in '/home/libgelistirici/practice/ros2_ws/src/lifecycle_bringup' with build type 'ament_cmake'
[2.328s] INFO:colcon.colcon_cmake.task.cmake.build:Building CMake package in '/home/libgelistirici/practice/ros2_ws/src/lifecycle_bringup'
[2.347s] INFO:colcon.colcon_core.shell:Skip shell extension 'powershell' for command environment: Not usable outside of PowerShell
[2.347s] DEBUG:colcon.colcon_core.shell:Skip shell extension 'dsv' for command environment
[2.393s] DEBUG:colcon.colcon_core.event_handler.log_command:Invoking command in '/home/libgelistirici/practice/ros2_ws/build/lifecycle_bringup': AMENT_PREFIX_PATH=/home/libgelistirici/practice/ros2_ws/install/lifecycle_py:${AMENT_PREFIX_PATH} CMAKE_PREFIX_PATH=/opt/ros/humble PYTHONPATH=/home/libgelistirici/practice/ros2_ws/install/lifecycle_py/lib/python3.10/site-packages:${PYTHONPATH} /usr/bin/cmake --build /home/libgelistirici/practice/ros2_ws/build/lifecycle_bringup -- -j16 -l16
[2.604s] DEBUG:colcon.colcon_core.event_handler.log_command:Invoked command in '/home/libgelistirici/practice/ros2_ws/build/lifecycle_bringup' returned '0': AMENT_PREFIX_PATH=/home/libgelistirici/practice/ros2_ws/install/lifecycle_py:${AMENT_PREFIX_PATH} CMAKE_PREFIX_PATH=/opt/ros/humble PYTHONPATH=/home/libgelistirici/practice/ros2_ws/install/lifecycle_py/lib/python3.10/site-packages:${PYTHONPATH} /usr/bin/cmake --build /home/libgelistirici/practice/ros2_ws/build/lifecycle_bringup -- -j16 -l16
[2.620s] DEBUG:colcon.colcon_core.event_handler.log_command:Invoking command in '/home/libgelistirici/practice/ros2_ws/build/lifecycle_bringup': AMENT_PREFIX_PATH=/home/libgelistirici/practice/ros2_ws/install/lifecycle_py:${AMENT_PREFIX_PATH} CMAKE_PREFIX_PATH=/opt/ros/humble PYTHONPATH=/home/libgelistirici/practice/ros2_ws/install/lifecycle_py/lib/python3.10/site-packages:${PYTHONPATH} /usr/bin/cmake --install /home/libgelistirici/practice/ros2_ws/build/lifecycle_bringup
[2.630s] Level 1:colcon.colcon_core.environment:create_environment_scripts_only(lifecycle_bringup)
[2.631s] DEBUG:colcon.colcon_core.event_handler.log_command:Invoked command in '/home/libgelistirici/practice/ros2_ws/build/lifecycle_bringup' returned '0': AMENT_PREFIX_PATH=/home/libgelistirici/practice/ros2_ws/install/lifecycle_py:${AMENT_PREFIX_PATH} CMAKE_PREFIX_PATH=/opt/ros/humble PYTHONPATH=/home/libgelistirici/practice/ros2_ws/install/lifecycle_py/lib/python3.10/site-packages:${PYTHONPATH} /usr/bin/cmake --install /home/libgelistirici/practice/ros2_ws/build/lifecycle_bringup
[2.649s] Level 1:colcon.colcon_core.environment:checking '/home/libgelistirici/practice/ros2_ws/install/lifecycle_bringup' for CMake module files
[2.649s] Level 1:colcon.colcon_core.environment:checking '/home/libgelistirici/practice/ros2_ws/install/lifecycle_bringup' for CMake config files
[2.649s] Level 1:colcon.colcon_core.shell:create_environment_hook('lifecycle_bringup', 'cmake_prefix_path')
[2.665s] INFO:colcon.colcon_core.shell:Creating environment hook '/home/libgelistirici/practice/ros2_ws/install/lifecycle_bringup/share/lifecycle_bringup/hook/cmake_prefix_path.ps1'
[2.665s] INFO:colcon.colcon_core.shell:Creating environment descriptor '/home/libgelistirici/practice/ros2_ws/install/lifecycle_bringup/share/lifecycle_bringup/hook/cmake_prefix_path.dsv'
[2.665s] INFO:colcon.colcon_core.shell:Creating environment hook '/home/libgelistirici/practice/ros2_ws/install/lifecycle_bringup/share/lifecycle_bringup/hook/cmake_prefix_path.sh'
[2.666s] Level 1:colcon.colcon_core.environment:checking '/home/libgelistirici/practice/ros2_ws/install/lifecycle_bringup/bin'
[2.666s] Level 1:colcon.colcon_core.environment:checking '/home/libgelistirici/practice/ros2_ws/install/lifecycle_bringup/lib/pkgconfig/lifecycle_bringup.pc'
[2.666s] Level 1:colcon.colcon_core.environment:checking '/home/libgelistirici/practice/ros2_ws/install/lifecycle_bringup/lib/python3.10/site-packages'
[2.666s] Level 1:colcon.colcon_core.environment:checking '/home/libgelistirici/practice/ros2_ws/install/lifecycle_bringup/bin'
[2.681s] INFO:colcon.colcon_core.shell:Creating package script '/home/libgelistirici/practice/ros2_ws/install/lifecycle_bringup/share/lifecycle_bringup/package.ps1'
[2.681s] INFO:colcon.colcon_core.shell:Creating package descriptor '/home/libgelistirici/practice/ros2_ws/install/lifecycle_bringup/share/lifecycle_bringup/package.dsv'
[2.682s] INFO:colcon.colcon_core.shell:Creating package script '/home/libgelistirici/practice/ros2_ws/install/lifecycle_bringup/share/lifecycle_bringup/package.sh'
[2.682s] INFO:colcon.colcon_core.shell:Creating package script '/home/libgelistirici/practice/ros2_ws/install/lifecycle_bringup/share/lifecycle_bringup/package.bash'
[2.682s] INFO:colcon.colcon_core.shell:Creating package script '/home/libgelistirici/practice/ros2_ws/install/lifecycle_bringup/share/lifecycle_bringup/package.zsh'
[2.682s] Level 1:colcon.colcon_core.environment:create_file_with_runtime_dependencies(/home/libgelistirici/practice/ros2_ws/install/lifecycle_bringup/share/colcon-core/packages/lifecycle_bringup)
[2.712s] Level 1:colcon.colcon_core.environment:create_environment_scripts_only(lifecycle_bringup)
[2.727s] Level 1:colcon.colcon_core.environment:checking '/home/libgelistirici/practice/ros2_ws/install/lifecycle_bringup' for CMake module files
[2.727s] Level 1:colcon.colcon_core.environment:checking '/home/libgelistirici/practice/ros2_ws/install/lifecycle_bringup' for CMake config files
[2.727s] Level 1:colcon.colcon_core.shell:create_environment_hook('lifecycle_bringup', 'cmake_prefix_path')
[2.742s] INFO:colcon.colcon_core.shell:Creating environment hook '/home/libgelistirici/practice/ros2_ws/install/lifecycle_bringup/share/lifecycle_bringup/hook/cmake_prefix_path.ps1'
[2.743s] INFO:colcon.colcon_core.shell:Creating environment descriptor '/home/libgelistirici/practice/ros2_ws/install/lifecycle_bringup/share/lifecycle_bringup/hook/cmake_prefix_path.dsv'
[2.743s] INFO:colcon.colcon_core.shell:Creating environment hook '/home/libgelistirici/practice/ros2_ws/install/lifecycle_bringup/share/lifecycle_bringup/hook/cmake_prefix_path.sh'
[2.743s] Level 1:colcon.colcon_core.environment:checking '/home/libgelistirici/practice/ros2_ws/install/lifecycle_bringup/bin'
[2.743s] Level 1:colcon.colcon_core.environment:checking '/home/libgelistirici/practice/ros2_ws/install/lifecycle_bringup/lib/pkgconfig/lifecycle_bringup.pc'
[2.744s] Level 1:colcon.colcon_core.environment:checking '/home/libgelistirici/practice/ros2_ws/install/lifecycle_bringup/lib/python3.10/site-packages'
[2.744s] Level 1:colcon.colcon_core.environment:checking '/home/libgelistirici/practice/ros2_ws/install/lifecycle_bringup/bin'
[2.758s] INFO:colcon.colcon_core.shell:Creating package script '/home/libgelistirici/practice/ros2_ws/install/lifecycle_bringup/share/lifecycle_bringup/package.ps1'
[2.759s] INFO:colcon.colcon_core.shell:Creating package descriptor '/home/libgelistirici/practice/ros2_ws/install/lifecycle_bringup/share/lifecycle_bringup/package.dsv'
[2.759s] INFO:colcon.colcon_core.shell:Creating package script '/home/libgelistirici/practice/ros2_ws/install/lifecycle_bringup/share/lifecycle_bringup/package.sh'
[2.759s] INFO:colcon.colcon_core.shell:Creating package script '/home/libgelistirici/practice/ros2_ws/install/lifecycle_bringup/share/lifecycle_bringup/package.bash'
[2.759s] INFO:colcon.colcon_core.shell:Creating package script '/home/libgelistirici/practice/ros2_ws/install/lifecycle_bringup/share/lifecycle_bringup/package.zsh'
[2.760s] Level 1:colcon.colcon_core.environment:create_file_with_runtime_dependencies(/home/libgelistirici/practice/ros2_ws/install/lifecycle_bringup/share/colcon-core/packages/lifecycle_bringup)
[2.760s] DEBUG:colcon.colcon_parallel_executor.executor.parallel:closing loop
[2.760s] DEBUG:colcon.colcon_parallel_executor.executor.parallel:loop closed
[2.760s] DEBUG:colcon.colcon_parallel_executor.executor.parallel:run_until_complete finished with '0'
[2.760s] DEBUG:colcon.colcon_core.event_reactor:joining thread
[2.787s] INFO:colcon.colcon_core.plugin_system:Skipping extension 'colcon_notification.desktop_notification.terminal_notifier': Not used on non-Darwin systems
[2.787s] INFO:colcon.colcon_core.plugin_system:Skipping extension 'colcon_notification.desktop_notification.win32': Not used on non-Windows systems
[2.787s] INFO:colcon.colcon_notification.desktop_notification:Sending desktop notification using 'notify2'
[2.798s] DEBUG:colcon.colcon_core.event_reactor:joined thread
[2.812s] INFO:colcon.colcon_core.shell:Creating prefix script '/home/libgelistirici/practice/ros2_ws/install/local_setup.ps1'
[2.813s] INFO:colcon.colcon_core.shell:Creating prefix util module '/home/libgelistirici/practice/ros2_ws/install/_local_setup_util_ps1.py'
[2.814s] INFO:colcon.colcon_core.shell:Creating prefix chain script '/home/libgelistirici/practice/ros2_ws/install/setup.ps1'
[2.829s] INFO:colcon.colcon_core.shell:Creating prefix script '/home/libgelistirici/practice/ros2_ws/install/local_setup.sh'
[2.829s] INFO:colcon.colcon_core.shell:Creating prefix util module '/home/libgelistirici/practice/ros2_ws/install/_local_setup_util_sh.py'
[2.830s] INFO:colcon.colcon_core.shell:Creating prefix chain script '/home/libgelistirici/practice/ros2_ws/install/setup.sh'
[2.845s] INFO:colcon.colcon_core.shell:Creating prefix script '/home/libgelistirici/practice/ros2_ws/install/local_setup.bash'
[2.845s] INFO:colcon.colcon_core.shell:Creating prefix chain script '/home/libgelistirici/practice/ros2_ws/install/setup.bash'
[2.860s] INFO:colcon.colcon_core.shell:Creating prefix script '/home/libgelistirici/practice/ros2_ws/install/local_setup.zsh'
[2.860s] INFO:colcon.colcon_core.shell:Creating prefix chain script '/home/libgelistirici/practice/ros2_ws/install/setup.zsh'
