[0.139s] Invoking command in '/home/libgelistirici/practice/ros2_ws/build/lifecycle_cpp': CMAKE_PREFIX_PATH=${CMAKE_PREFIX_PATH}:/home/libgelistirici/practice/ros2_ws/install/lifecycle_py:/opt/ros/humble /usr/bin/cmake --build /home/libgelistirici/practice/ros2_ws/build/lifecycle_cpp -- -j16 -l16
[0.168s] [35m[1mConsolidate compiler generated dependencies of target number_publisher[0m
[0.182s] [100%] Built target number_publisher
[0.407s] Invoked command in '/home/libgelistirici/practice/ros2_ws/build/lifecycle_cpp' returned '0': CMAKE_PREFIX_PATH=${CMAKE_PREFIX_PATH}:/home/libgelistirici/practice/ros2_ws/install/lifecycle_py:/opt/ros/humble /usr/bin/cmake --build /home/libgelistirici/practice/ros2_ws/build/lifecycle_cpp -- -j16 -l16
[0.432s] Invoking command in '/home/libgelistirici/practice/ros2_ws/build/lifecycle_cpp': CMAKE_PREFIX_PATH=${CMAKE_PREFIX_PATH}:/home/libgelistirici/practice/ros2_ws/install/lifecycle_py:/opt/ros/humble /usr/bin/cmake --install /home/libgelistirici/practice/ros2_ws/build/lifecycle_cpp
[0.437s] -- Install configuration: ""
[0.437s] -- Up-to-date: /home/libgelistirici/practice/ros2_ws/install/lifecycle_cpp/lib/lifecycle_cpp/number_publisher
[0.437s] -- Up-to-date: /home/libgelistirici/practice/ros2_ws/install/lifecycle_cpp/share/ament_index/resource_index/package_run_dependencies/lifecycle_cpp
[0.437s] -- Up-to-date: /home/libgelistirici/practice/ros2_ws/install/lifecycle_cpp/share/ament_index/resource_index/parent_prefix_path/lifecycle_cpp
[0.437s] -- Up-to-date: /home/libgelistirici/practice/ros2_ws/install/lifecycle_cpp/share/lifecycle_cpp/environment/ament_prefix_path.sh
[0.437s] -- Up-to-date: /home/libgelistirici/practice/ros2_ws/install/lifecycle_cpp/share/lifecycle_cpp/environment/ament_prefix_path.dsv
[0.437s] -- Up-to-date: /home/libgelistirici/practice/ros2_ws/install/lifecycle_cpp/share/lifecycle_cpp/environment/path.sh
[0.438s] -- Up-to-date: /home/libgelistirici/practice/ros2_ws/install/lifecycle_cpp/share/lifecycle_cpp/environment/path.dsv
[0.438s] -- Up-to-date: /home/libgelistirici/practice/ros2_ws/install/lifecycle_cpp/share/lifecycle_cpp/local_setup.bash
[0.438s] -- Up-to-date: /home/libgelistirici/practice/ros2_ws/install/lifecycle_cpp/share/lifecycle_cpp/local_setup.sh
[0.438s] -- Up-to-date: /home/libgelistirici/practice/ros2_ws/install/lifecycle_cpp/share/lifecycle_cpp/local_setup.zsh
[0.438s] -- Up-to-date: /home/libgelistirici/practice/ros2_ws/install/lifecycle_cpp/share/lifecycle_cpp/local_setup.dsv
[0.438s] -- Installing: /home/libgelistirici/practice/ros2_ws/install/lifecycle_cpp/share/lifecycle_cpp/package.dsv
[0.438s] -- Up-to-date: /home/libgelistirici/practice/ros2_ws/install/lifecycle_cpp/share/ament_index/resource_index/packages/lifecycle_cpp
[0.438s] -- Up-to-date: /home/libgelistirici/practice/ros2_ws/install/lifecycle_cpp/share/lifecycle_cpp/cmake/lifecycle_cppConfig.cmake
[0.438s] -- Up-to-date: /home/libgelistirici/practice/ros2_ws/install/lifecycle_cpp/share/lifecycle_cpp/cmake/lifecycle_cppConfig-version.cmake
[0.439s] -- Up-to-date: /home/libgelistirici/practice/ros2_ws/install/lifecycle_cpp/share/lifecycle_cpp/package.xml
[0.439s] Invoked command in '/home/libgelistirici/practice/ros2_ws/build/lifecycle_cpp' returned '0': CMAKE_PREFIX_PATH=${CMAKE_PREFIX_PATH}:/home/libgelistirici/practice/ros2_ws/install/lifecycle_py:/opt/ros/humble /usr/bin/cmake --install /home/libgelistirici/practice/ros2_ws/build/lifecycle_cpp
