[0.359s] Invoking command in '/home/libgelistirici/practice/ros2_ws/build/lifecycle_cpp': CMAKE_PREFIX_PATH=${CMAKE_PREFIX_PATH}:/home/libgelistirici/practice/ros2_ws/install/lifecycle_py:/opt/ros/humble /usr/bin/cmake --build /home/libgelistirici/practice/ros2_ws/build/lifecycle_cpp -- -j16 -l16
[0.405s] [100%] Built target number_publisher
[0.414s] Invoked command in '/home/libgelistirici/practice/ros2_ws/build/lifecycle_cpp' returned '0': CMAKE_PREFIX_PATH=${CMAKE_PREFIX_PATH}:/home/libgelistirici/practice/ros2_ws/install/lifecycle_py:/opt/ros/humble /usr/bin/cmake --build /home/libgelistirici/practice/ros2_ws/build/lifecycle_cpp -- -j16 -l16
[0.440s] Invoking command in '/home/libgelistirici/practice/ros2_ws/build/lifecycle_cpp': CMAKE_PREFIX_PATH=${CMAKE_PREFIX_PATH}:/home/libgelistirici/practice/ros2_ws/install/lifecycle_py:/opt/ros/humble /usr/bin/cmake --install /home/libgelistirici/practice/ros2_ws/build/lifecycle_cpp
[0.446s] -- Install configuration: ""
[0.446s] -- Up-to-date: /home/libgelistirici/practice/ros2_ws/install/lifecycle_cpp/lib/lifecycle_cpp/number_publisher
[0.446s] -- Up-to-date: /home/libgelistirici/practice/ros2_ws/install/lifecycle_cpp/share/ament_index/resource_index/package_run_dependencies/lifecycle_cpp
[0.446s] -- Up-to-date: /home/libgelistirici/practice/ros2_ws/install/lifecycle_cpp/share/ament_index/resource_index/parent_prefix_path/lifecycle_cpp
[0.446s] -- Up-to-date: /home/libgelistirici/practice/ros2_ws/install/lifecycle_cpp/share/lifecycle_cpp/environment/ament_prefix_path.sh
[0.446s] -- Up-to-date: /home/libgelistirici/practice/ros2_ws/install/lifecycle_cpp/share/lifecycle_cpp/environment/ament_prefix_path.dsv
[0.447s] -- Up-to-date: /home/libgelistirici/practice/ros2_ws/install/lifecycle_cpp/share/lifecycle_cpp/environment/path.sh
[0.447s] -- Up-to-date: /home/libgelistirici/practice/ros2_ws/install/lifecycle_cpp/share/lifecycle_cpp/environment/path.dsv
[0.447s] -- Up-to-date: /home/libgelistirici/practice/ros2_ws/install/lifecycle_cpp/share/lifecycle_cpp/local_setup.bash
[0.447s] -- Up-to-date: /home/libgelistirici/practice/ros2_ws/install/lifecycle_cpp/share/lifecycle_cpp/local_setup.sh
[0.447s] -- Up-to-date: /home/libgelistirici/practice/ros2_ws/install/lifecycle_cpp/share/lifecycle_cpp/local_setup.zsh
[0.447s] -- Up-to-date: /home/libgelistirici/practice/ros2_ws/install/lifecycle_cpp/share/lifecycle_cpp/local_setup.dsv
[0.447s] -- Installing: /home/libgelistirici/practice/ros2_ws/install/lifecycle_cpp/share/lifecycle_cpp/package.dsv
[0.447s] -- Up-to-date: /home/libgelistirici/practice/ros2_ws/install/lifecycle_cpp/share/ament_index/resource_index/packages/lifecycle_cpp
[0.447s] -- Up-to-date: /home/libgelistirici/practice/ros2_ws/install/lifecycle_cpp/share/lifecycle_cpp/cmake/lifecycle_cppConfig.cmake
[0.447s] -- Up-to-date: /home/libgelistirici/practice/ros2_ws/install/lifecycle_cpp/share/lifecycle_cpp/cmake/lifecycle_cppConfig-version.cmake
[0.447s] -- Up-to-date: /home/libgelistirici/practice/ros2_ws/install/lifecycle_cpp/share/lifecycle_cpp/package.xml
[0.449s] Invoked command in '/home/libgelistirici/practice/ros2_ws/build/lifecycle_cpp' returned '0': CMAKE_PREFIX_PATH=${CMAKE_PREFIX_PATH}:/home/libgelistirici/practice/ros2_ws/install/lifecycle_py:/opt/ros/humble /usr/bin/cmake --install /home/libgelistirici/practice/ros2_ws/build/lifecycle_cpp
