[0.063s] Invoking command in '/home/libgelistirici/practice/ros2_ws/build/lifecycle_bringup': AMENT_PREFIX_PATH=/home/libgelistirici/practice/ros2_ws/install/lifecycle_py:/home/libgelistirici/practice/ros2_ws/install/lifecycle_bringup:/home/libgelistirici/practice/ros2_ws/install/lifecycle_cpp:/opt/ros/humble CMAKE_PREFIX_PATH=${CMAKE_PREFIX_PATH}:/home/libgelistirici/practice/ros2_ws/install/lifecycle_py:/opt/ros/humble /usr/bin/cmake --build /home/libgelistirici/practice/ros2_ws/build/lifecycle_bringup -- -j16 -l16
[0.098s] Invoked command in '/home/libgelistirici/practice/ros2_ws/build/lifecycle_bringup' returned '0': AMENT_PREFIX_PATH=/home/libgelistirici/practice/ros2_ws/install/lifecycle_py:/home/libgelistirici/practice/ros2_ws/install/lifecycle_bringup:/home/libgelistirici/practice/ros2_ws/install/lifecycle_cpp:/opt/ros/humble CMAKE_PREFIX_PATH=${CMAKE_PREFIX_PATH}:/home/libgelistirici/practice/ros2_ws/install/lifecycle_py:/opt/ros/humble /usr/bin/cmake --build /home/libgelistirici/practice/ros2_ws/build/lifecycle_bringup -- -j16 -l16
[0.115s] Invoking command in '/home/libgelistirici/practice/ros2_ws/build/lifecycle_bringup': AMENT_PREFIX_PATH=/home/libgelistirici/practice/ros2_ws/install/lifecycle_py:/home/libgelistirici/practice/ros2_ws/install/lifecycle_bringup:/home/libgelistirici/practice/ros2_ws/install/lifecycle_cpp:/opt/ros/humble CMAKE_PREFIX_PATH=${CMAKE_PREFIX_PATH}:/home/libgelistirici/practice/ros2_ws/install/lifecycle_py:/opt/ros/humble /usr/bin/cmake --install /home/libgelistirici/practice/ros2_ws/build/lifecycle_bringup
[0.121s] -- Install configuration: ""
[0.121s] -- Up-to-date: /home/libgelistirici/practice/ros2_ws/install/lifecycle_bringup/share/lifecycle_bringup/launch
[0.121s] -- Installing: /home/libgelistirici/practice/ros2_ws/install/lifecycle_bringup/share/lifecycle_bringup/launch/lifecycle_test.launch.xml
[0.121s] -- Installing: /home/libgelistirici/practice/ros2_ws/install/lifecycle_bringup/share/lifecycle_bringup/launch/lifecycle_test.launch.py
[0.121s] -- Up-to-date: /home/libgelistirici/practice/ros2_ws/install/lifecycle_bringup/share/ament_index/resource_index/package_run_dependencies/lifecycle_bringup
[0.121s] -- Up-to-date: /home/libgelistirici/practice/ros2_ws/install/lifecycle_bringup/share/ament_index/resource_index/parent_prefix_path/lifecycle_bringup
[0.121s] -- Up-to-date: /home/libgelistirici/practice/ros2_ws/install/lifecycle_bringup/share/lifecycle_bringup/environment/ament_prefix_path.sh
[0.122s] -- Up-to-date: /home/libgelistirici/practice/ros2_ws/install/lifecycle_bringup/share/lifecycle_bringup/environment/ament_prefix_path.dsv
[0.122s] -- Up-to-date: /home/libgelistirici/practice/ros2_ws/install/lifecycle_bringup/share/lifecycle_bringup/environment/path.sh
[0.122s] -- Up-to-date: /home/libgelistirici/practice/ros2_ws/install/lifecycle_bringup/share/lifecycle_bringup/environment/path.dsv
[0.122s] -- Up-to-date: /home/libgelistirici/practice/ros2_ws/install/lifecycle_bringup/share/lifecycle_bringup/local_setup.bash
[0.122s] -- Up-to-date: /home/libgelistirici/practice/ros2_ws/install/lifecycle_bringup/share/lifecycle_bringup/local_setup.sh
[0.122s] -- Up-to-date: /home/libgelistirici/practice/ros2_ws/install/lifecycle_bringup/share/lifecycle_bringup/local_setup.zsh
[0.122s] -- Up-to-date: /home/libgelistirici/practice/ros2_ws/install/lifecycle_bringup/share/lifecycle_bringup/local_setup.dsv
[0.123s] -- Up-to-date: /home/libgelistirici/practice/ros2_ws/install/lifecycle_bringup/share/lifecycle_bringup/package.dsv
[0.123s] -- Up-to-date: /home/libgelistirici/practice/ros2_ws/install/lifecycle_bringup/share/ament_index/resource_index/packages/lifecycle_bringup
[0.123s] -- Up-to-date: /home/libgelistirici/practice/ros2_ws/install/lifecycle_bringup/share/lifecycle_bringup/cmake/lifecycle_bringupConfig.cmake
[0.123s] -- Up-to-date: /home/libgelistirici/practice/ros2_ws/install/lifecycle_bringup/share/lifecycle_bringup/cmake/lifecycle_bringupConfig-version.cmake
[0.123s] -- Up-to-date: /home/libgelistirici/practice/ros2_ws/install/lifecycle_bringup/share/lifecycle_bringup/package.xml
[0.124s] Invoked command in '/home/libgelistirici/practice/ros2_ws/build/lifecycle_bringup' returned '0': AMENT_PREFIX_PATH=/home/libgelistirici/practice/ros2_ws/install/lifecycle_py:/home/libgelistirici/practice/ros2_ws/install/lifecycle_bringup:/home/libgelistirici/practice/ros2_ws/install/lifecycle_cpp:/opt/ros/humble CMAKE_PREFIX_PATH=${CMAKE_PREFIX_PATH}:/home/libgelistirici/practice/ros2_ws/install/lifecycle_py:/opt/ros/humble /usr/bin/cmake --install /home/libgelistirici/practice/ros2_ws/build/lifecycle_bringup
