[0.064s] Invoking command in '/home/libgelistirici/practice/ros2_ws/build/lifecycle_bringup': AMENT_PREFIX_PATH=/home/libgelistirici/practice/ros2_ws/install/lifecycle_py:${AMENT_PREFIX_PATH} CMAKE_PREFIX_PATH=/opt/ros/humble PYTHONPATH=/home/libgelistirici/practice/ros2_ws/install/lifecycle_py/lib/python3.10/site-packages:${PYTHONPATH} /usr/bin/cmake --build /home/libgelistirici/practice/ros2_ws/build/lifecycle_bringup -- -j16 -l16
[0.081s] -- Found ament_cmake: 1.3.6 (/opt/ros/humble/share/ament_cmake/cmake)
[0.256s] -- Configuring done
[0.258s] -- Generating done
[0.258s] -- Build files have been written to: /home/libgelistirici/practice/ros2_ws/build/lifecycle_bringup
[0.275s] Invoked command in '/home/libgelistirici/practice/ros2_ws/build/lifecycle_bringup' returned '0': AMENT_PREFIX_PATH=/home/libgelistirici/practice/ros2_ws/install/lifecycle_py:${AMENT_PREFIX_PATH} CMAKE_PREFIX_PATH=/opt/ros/humble PYTHONPATH=/home/libgelistirici/practice/ros2_ws/install/lifecycle_py/lib/python3.10/site-packages:${PYTHONPATH} /usr/bin/cmake --build /home/libgelistirici/practice/ros2_ws/build/lifecycle_bringup -- -j16 -l16
[0.291s] Invoking command in '/home/libgelistirici/practice/ros2_ws/build/lifecycle_bringup': AMENT_PREFIX_PATH=/home/libgelistirici/practice/ros2_ws/install/lifecycle_py:${AMENT_PREFIX_PATH} CMAKE_PREFIX_PATH=/opt/ros/humble PYTHONPATH=/home/libgelistirici/practice/ros2_ws/install/lifecycle_py/lib/python3.10/site-packages:${PYTHONPATH} /usr/bin/cmake --install /home/libgelistirici/practice/ros2_ws/build/lifecycle_bringup
[0.297s] -- Install configuration: ""
[0.298s] -- Up-to-date: /home/libgelistirici/practice/ros2_ws/install/lifecycle_bringup/share/lifecycle_bringup/launch
[0.298s] -- Installing: /home/libgelistirici/practice/ros2_ws/install/lifecycle_bringup/share/lifecycle_bringup/launch/lifecycle_test.launch.xml
[0.298s] -- Installing: /home/libgelistirici/practice/ros2_ws/install/lifecycle_bringup/share/lifecycle_bringup/launch/lifecycle_test.launch.py
[0.298s] -- Up-to-date: /home/libgelistirici/practice/ros2_ws/install/lifecycle_bringup/share/ament_index/resource_index/package_run_dependencies/lifecycle_bringup
[0.298s] -- Installing: /home/libgelistirici/practice/ros2_ws/install/lifecycle_bringup/share/ament_index/resource_index/parent_prefix_path/lifecycle_bringup
[0.298s] -- Up-to-date: /home/libgelistirici/practice/ros2_ws/install/lifecycle_bringup/share/lifecycle_bringup/environment/ament_prefix_path.sh
[0.298s] -- Installing: /home/libgelistirici/practice/ros2_ws/install/lifecycle_bringup/share/lifecycle_bringup/environment/ament_prefix_path.dsv
[0.298s] -- Up-to-date: /home/libgelistirici/practice/ros2_ws/install/lifecycle_bringup/share/lifecycle_bringup/environment/path.sh
[0.298s] -- Installing: /home/libgelistirici/practice/ros2_ws/install/lifecycle_bringup/share/lifecycle_bringup/environment/path.dsv
[0.298s] -- Up-to-date: /home/libgelistirici/practice/ros2_ws/install/lifecycle_bringup/share/lifecycle_bringup/local_setup.bash
[0.299s] -- Up-to-date: /home/libgelistirici/practice/ros2_ws/install/lifecycle_bringup/share/lifecycle_bringup/local_setup.sh
[0.299s] -- Up-to-date: /home/libgelistirici/practice/ros2_ws/install/lifecycle_bringup/share/lifecycle_bringup/local_setup.zsh
[0.299s] -- Installing: /home/libgelistirici/practice/ros2_ws/install/lifecycle_bringup/share/lifecycle_bringup/local_setup.dsv
[0.299s] -- Installing: /home/libgelistirici/practice/ros2_ws/install/lifecycle_bringup/share/lifecycle_bringup/package.dsv
[0.299s] -- Up-to-date: /home/libgelistirici/practice/ros2_ws/install/lifecycle_bringup/share/ament_index/resource_index/packages/lifecycle_bringup
[0.299s] -- Up-to-date: /home/libgelistirici/practice/ros2_ws/install/lifecycle_bringup/share/lifecycle_bringup/cmake/lifecycle_bringupConfig.cmake
[0.299s] -- Up-to-date: /home/libgelistirici/practice/ros2_ws/install/lifecycle_bringup/share/lifecycle_bringup/cmake/lifecycle_bringupConfig-version.cmake
[0.299s] -- Installing: /home/libgelistirici/practice/ros2_ws/install/lifecycle_bringup/share/lifecycle_bringup/package.xml
[0.302s] Invoked command in '/home/libgelistirici/practice/ros2_ws/build/lifecycle_bringup' returned '0': AMENT_PREFIX_PATH=/home/libgelistirici/practice/ros2_ws/install/lifecycle_py:${AMENT_PREFIX_PATH} CMAKE_PREFIX_PATH=/opt/ros/humble PYTHONPATH=/home/libgelistirici/practice/ros2_ws/install/lifecycle_py/lib/python3.10/site-packages:${PYTHONPATH} /usr/bin/cmake --install /home/libgelistirici/practice/ros2_ws/build/lifecycle_bringup
