[0.065s] Invoking command in '/home/libgelistirici/practice/ros2_ws/build/lifecycle_bringup': CMAKE_PREFIX_PATH=${CMAKE_PREFIX_PATH}:/home/libgelistirici/practice/ros2_ws/install/lifecycle_py:/opt/ros/humble /usr/bin/cmake /home/libgelistirici/practice/ros2_ws/src/lifecycle_bringup -DCMAKE_INSTALL_PREFIX=/home/libgelistirici/practice/ros2_ws/install/lifecycle_bringup
[0.107s] -- The C compiler identification is GNU 11.4.0
[0.151s] -- The CXX compiler identification is GNU 11.4.0
[0.157s] -- Detecting C compiler ABI info
[0.210s] -- Detecting C compiler ABI info - done
[0.217s] -- Check for working C compiler: /usr/bin/cc - skipped
[0.217s] -- Detecting C compile features
[0.217s] -- Detecting C compile features - done
[0.220s] -- Detecting CXX compiler ABI info
[0.284s] -- Detecting CXX compiler ABI info - done
[0.290s] -- Check for working CXX compiler: /usr/bin/c++ - skipped
[0.290s] -- Detecting CXX compile features
[0.290s] -- Detecting CXX compile features - done
[0.295s] -- Found ament_cmake: 1.3.6 (/opt/ros/humble/share/ament_cmake/cmake)
[0.437s] -- Found Python3: /usr/bin/python3.10 (found version "3.10.12") found components: Interpreter 
[0.566s] -- Configuring done
[0.568s] -- Generating done
[0.568s] -- Build files have been written to: /home/libgelistirici/practice/ros2_ws/build/lifecycle_bringup
[0.572s] Invoked command in '/home/libgelistirici/practice/ros2_ws/build/lifecycle_bringup' returned '0': CMAKE_PREFIX_PATH=${CMAKE_PREFIX_PATH}:/home/libgelistirici/practice/ros2_ws/install/lifecycle_py:/opt/ros/humble /usr/bin/cmake /home/libgelistirici/practice/ros2_ws/src/lifecycle_bringup -DCMAKE_INSTALL_PREFIX=/home/libgelistirici/practice/ros2_ws/install/lifecycle_bringup
[0.573s] Invoking command in '/home/libgelistirici/practice/ros2_ws/build/lifecycle_bringup': CMAKE_PREFIX_PATH=${CMAKE_PREFIX_PATH}:/home/libgelistirici/practice/ros2_ws/install/lifecycle_py:/opt/ros/humble /usr/bin/cmake --build /home/libgelistirici/practice/ros2_ws/build/lifecycle_bringup -- -j16 -l16
[0.608s] Invoked command in '/home/libgelistirici/practice/ros2_ws/build/lifecycle_bringup' returned '0': CMAKE_PREFIX_PATH=${CMAKE_PREFIX_PATH}:/home/libgelistirici/practice/ros2_ws/install/lifecycle_py:/opt/ros/humble /usr/bin/cmake --build /home/libgelistirici/practice/ros2_ws/build/lifecycle_bringup -- -j16 -l16
[0.626s] Invoking command in '/home/libgelistirici/practice/ros2_ws/build/lifecycle_bringup': CMAKE_PREFIX_PATH=${CMAKE_PREFIX_PATH}:/home/libgelistirici/practice/ros2_ws/install/lifecycle_py:/opt/ros/humble /usr/bin/cmake --install /home/libgelistirici/practice/ros2_ws/build/lifecycle_bringup
[0.633s] -- Install configuration: ""
[0.633s] -- Installing: /home/libgelistirici/practice/ros2_ws/install/lifecycle_bringup/share/lifecycle_bringup/launch
[0.633s] -- Installing: /home/libgelistirici/practice/ros2_ws/install/lifecycle_bringup/share/lifecycle_bringup/launch/lifecycle_test.launch.xml
[0.634s] -- Installing: /home/libgelistirici/practice/ros2_ws/install/lifecycle_bringup/share/lifecycle_bringup/launch/lifecycle_test.launch.py
[0.634s] -- Installing: /home/libgelistirici/practice/ros2_ws/install/lifecycle_bringup/share/ament_index/resource_index/package_run_dependencies/lifecycle_bringup
[0.634s] -- Installing: /home/libgelistirici/practice/ros2_ws/install/lifecycle_bringup/share/ament_index/resource_index/parent_prefix_path/lifecycle_bringup
[0.634s] -- Installing: /home/libgelistirici/practice/ros2_ws/install/lifecycle_bringup/share/lifecycle_bringup/environment/ament_prefix_path.sh
[0.634s] -- Installing: /home/libgelistirici/practice/ros2_ws/install/lifecycle_bringup/share/lifecycle_bringup/environment/ament_prefix_path.dsv
[0.634s] -- Installing: /home/libgelistirici/practice/ros2_ws/install/lifecycle_bringup/share/lifecycle_bringup/environment/path.sh
[0.634s] -- Installing: /home/libgelistirici/practice/ros2_ws/install/lifecycle_bringup/share/lifecycle_bringup/environment/path.dsv
[0.635s] -- Installing: /home/libgelistirici/practice/ros2_ws/install/lifecycle_bringup/share/lifecycle_bringup/local_setup.bash
[0.635s] -- Installing: /home/libgelistirici/practice/ros2_ws/install/lifecycle_bringup/share/lifecycle_bringup/local_setup.sh
[0.635s] -- Installing: /home/libgelistirici/practice/ros2_ws/install/lifecycle_bringup/share/lifecycle_bringup/local_setup.zsh
[0.635s] -- Installing: /home/libgelistirici/practice/ros2_ws/install/lifecycle_bringup/share/lifecycle_bringup/local_setup.dsv
[0.635s] -- Installing: /home/libgelistirici/practice/ros2_ws/install/lifecycle_bringup/share/lifecycle_bringup/package.dsv
[0.635s] -- Installing: /home/libgelistirici/practice/ros2_ws/install/lifecycle_bringup/share/ament_index/resource_index/packages/lifecycle_bringup
[0.635s] -- Installing: /home/libgelistirici/practice/ros2_ws/install/lifecycle_bringup/share/lifecycle_bringup/cmake/lifecycle_bringupConfig.cmake
[0.636s] -- Installing: /home/libgelistirici/practice/ros2_ws/install/lifecycle_bringup/share/lifecycle_bringup/cmake/lifecycle_bringupConfig-version.cmake
[0.636s] -- Installing: /home/libgelistirici/practice/ros2_ws/install/lifecycle_bringup/share/lifecycle_bringup/package.xml
[0.638s] Invoked command in '/home/libgelistirici/practice/ros2_ws/build/lifecycle_bringup' returned '0': CMAKE_PREFIX_PATH=${CMAKE_PREFIX_PATH}:/home/libgelistirici/practice/ros2_ws/install/lifecycle_py:/opt/ros/humble /usr/bin/cmake --install /home/libgelistirici/practice/ros2_ws/build/lifecycle_bringup
