[0.669s] Invoking command in '/home/libgelistirici/practice/ros2_ws/src/lifecycle_py': PYTHONPATH=/home/libgelistirici/practice/ros2_ws/build/lifecycle_py/prefix_override:/home/libgelistirici/practice/ros2_ws/install/lifecycle_py/lib/python3.10/site-packages:${PYTHONPATH} /usr/bin/python3 setup.py egg_info --egg-base ../../build/lifecycle_py build --build-base /home/libgelistirici/practice/ros2_ws/build/lifecycle_py/build install --record /home/libgelistirici/practice/ros2_ws/build/lifecycle_py/install.log --single-version-externally-managed
[0.861s] running egg_info
[0.861s] creating ../../build/lifecycle_py/lifecycle_py.egg-info
[0.861s] writing ../../build/lifecycle_py/lifecycle_py.egg-info/PKG-INFO
[0.861s] writing dependency_links to ../../build/lifecycle_py/lifecycle_py.egg-info/dependency_links.txt
[0.861s] writing entry points to ../../build/lifecycle_py/lifecycle_py.egg-info/entry_points.txt
[0.861s] writing requirements to ../../build/lifecycle_py/lifecycle_py.egg-info/requires.txt
[0.862s] writing top-level names to ../../build/lifecycle_py/lifecycle_py.egg-info/top_level.txt
[0.862s] writing manifest file '../../build/lifecycle_py/lifecycle_py.egg-info/SOURCES.txt'
[0.863s] reading manifest file '../../build/lifecycle_py/lifecycle_py.egg-info/SOURCES.txt'
[0.863s] writing manifest file '../../build/lifecycle_py/lifecycle_py.egg-info/SOURCES.txt'
[0.863s] running build
[0.863s] running build_py
[0.863s] creating /home/libgelistirici/practice/ros2_ws/build/lifecycle_py/build
[0.863s] creating /home/libgelistirici/practice/ros2_ws/build/lifecycle_py/build/lib
[0.864s] creating /home/libgelistirici/practice/ros2_ws/build/lifecycle_py/build/lib/lifecycle_py
[0.864s] copying lifecycle_py/number_publisher.py -> /home/libgelistirici/practice/ros2_ws/build/lifecycle_py/build/lib/lifecycle_py
[0.864s] copying lifecycle_py/__init__.py -> /home/libgelistirici/practice/ros2_ws/build/lifecycle_py/build/lib/lifecycle_py
[0.864s] running install
[0.864s] /usr/lib/python3/dist-packages/setuptools/command/install.py:34: SetuptoolsDeprecationWarning: setup.py install is deprecated. Use build and pip and other standards-based tools.
[0.864s]   warnings.warn(
[0.864s] running install_lib
[0.865s] creating /home/libgelistirici/practice/ros2_ws/install/lifecycle_py/lib/python3.10/site-packages/lifecycle_py
[0.865s] copying /home/libgelistirici/practice/ros2_ws/build/lifecycle_py/build/lib/lifecycle_py/number_publisher.py -> /home/libgelistirici/practice/ros2_ws/install/lifecycle_py/lib/python3.10/site-packages/lifecycle_py
[0.865s] copying /home/libgelistirici/practice/ros2_ws/build/lifecycle_py/build/lib/lifecycle_py/__init__.py -> /home/libgelistirici/practice/ros2_ws/install/lifecycle_py/lib/python3.10/site-packages/lifecycle_py
[0.865s] byte-compiling /home/libgelistirici/practice/ros2_ws/install/lifecycle_py/lib/python3.10/site-packages/lifecycle_py/number_publisher.py to number_publisher.cpython-310.pyc
[0.865s] byte-compiling /home/libgelistirici/practice/ros2_ws/install/lifecycle_py/lib/python3.10/site-packages/lifecycle_py/__init__.py to __init__.cpython-310.pyc
[0.865s] running install_data
[0.866s] creating /home/libgelistirici/practice/ros2_ws/install/lifecycle_py/share/ament_index
[0.866s] creating /home/libgelistirici/practice/ros2_ws/install/lifecycle_py/share/ament_index/resource_index
[0.866s] creating /home/libgelistirici/practice/ros2_ws/install/lifecycle_py/share/ament_index/resource_index/packages
[0.866s] copying resource/lifecycle_py -> /home/libgelistirici/practice/ros2_ws/install/lifecycle_py/share/ament_index/resource_index/packages
[0.866s] copying package.xml -> /home/libgelistirici/practice/ros2_ws/install/lifecycle_py/share/lifecycle_py
[0.867s] running install_egg_info
[0.868s] Copying ../../build/lifecycle_py/lifecycle_py.egg-info to /home/libgelistirici/practice/ros2_ws/install/lifecycle_py/lib/python3.10/site-packages/lifecycle_py-0.0.0-py3.10.egg-info
[0.868s] running install_scripts
[0.884s] Installing number_publisher script to /home/libgelistirici/practice/ros2_ws/install/lifecycle_py/lib/lifecycle_py
[0.884s] writing list of installed files to '/home/libgelistirici/practice/ros2_ws/build/lifecycle_py/install.log'
[0.906s] Invoked command in '/home/libgelistirici/practice/ros2_ws/src/lifecycle_py' returned '0': PYTHONPATH=/home/libgelistirici/practice/ros2_ws/build/lifecycle_py/prefix_override:/home/libgelistirici/practice/ros2_ws/install/lifecycle_py/lib/python3.10/site-packages:${PYTHONPATH} /usr/bin/python3 setup.py egg_info --egg-base ../../build/lifecycle_py build --build-base /home/libgelistirici/practice/ros2_ws/build/lifecycle_py/build install --record /home/libgelistirici/practice/ros2_ws/build/lifecycle_py/install.log --single-version-externally-managed
